DEBUG: 2018/03/13 16:42:50 start server - initLogger complete
DEBUG: 2018/03/13 16:42:56 Get Request - URL : localhost/
ERROR: 2018/03/13 16:42:56 Get Request - User Info : Mozilla/5.0 (Windows NT 6.1; Win64; x64) AppleWebKit/537.36 (KHTML, like Gecko) Chrome/64.0.3282.186 Safari/537.36
DEBUG: 2018/03/13 16:42:56 Get Request - URL : localhost/static/js/app.js
ERROR: 2018/03/13 16:42:56 Get Request - User Info : Mozilla/5.0 (Windows NT 6.1; Win64; x64) AppleWebKit/537.36 (KHTML, like Gecko) Chrome/64.0.3282.186 Safari/537.36
DEBUG: 2018/03/13 16:43:38 start server - initLogger complete
DEBUG: 2018/03/13 16:43:46 Get Request - URL : localhost/
DEBUG: 2018/03/13 16:43:46 Get Request - User Info : Mozilla/5.0 (Windows NT 6.1; Win64; x64) AppleWebKit/537.36 (KHTML, like Gecko) Chrome/64.0.3282.186 Safari/537.36
DEBUG: 2018/03/13 16:43:46 Get Request - URL : localhost/static/js/app.js
DEBUG: 2018/03/13 16:43:46 Get Request - User Info : Mozilla/5.0 (Windows NT 6.1; Win64; x64) AppleWebKit/537.36 (KHTML, like Gecko) Chrome/64.0.3282.186 Safari/537.36
DEBUG: 2018/03/13 17:00:53 start server - initLogger complete
DEBUG: 2018/03/13 17:00:58 Get Request - URL : localhost/
DEBUG: 2018/03/13 17:00:58 Get Request - User Info : Mozilla/5.0 (Windows NT 6.1; Win64; x64) AppleWebKit/537.36 (KHTML, like Gecko) Chrome/64.0.3282.186 Safari/537.36
DEBUG: 2018/03/13 17:00:58 Get Request - URL : localhost/static/js/app.js
DEBUG: 2018/03/13 17:00:58 Get Request - User Info : Mozilla/5.0 (Windows NT 6.1; Win64; x64) AppleWebKit/537.36 (KHTML, like Gecko) Chrome/64.0.3282.186 Safari/537.36
DEBUG: 2018/03/13 17:14:55 start server - initLogger complete
DEBUG: 2018/03/13 17:15:06 Get Request - URL : localhost/
DEBUG: 2018/03/13 17:15:06 Get Request - User Info : Mozilla/5.0 (Windows NT 6.1; Win64; x64) AppleWebKit/537.36 (KHTML, like Gecko) Chrome/64.0.3282.186 Safari/537.36
DEBUG: 2018/03/13 17:15:06 Get Request - URL : localhost/static/js/app.js
DEBUG: 2018/03/13 17:15:06 Get Request - User Info : Mozilla/5.0 (Windows NT 6.1; Win64; x64) AppleWebKit/537.36 (KHTML, like Gecko) Chrome/64.0.3282.186 Safari/537.36
